#
# There is insufficient memory for the Java Runtime Environment to continue.
# Native memory allocation (mmap) failed to map 201326592 bytes for G1 virtual space
# Possible reasons:
#   The system is out of physical RAM or swap space
#   The process is running with CompressedOops enabled, and the Java Heap may be blocking the growth of the native heap
# Possible solutions:
#   Reduce memory load on the system
#   Increase physical memory or swap space
#   Check if swap backing store is full
#   Decrease Java heap size (-Xmx/-Xms)
#   Decrease number of Java threads
#   Decrease Java thread stack sizes (-Xss)
#   Set larger code cache with -XX:ReservedCodeCacheSize=
#   JVM is running with Zero Based Compressed Oops mode in which the Java heap is
#     placed in the first 32GB address space. The Java Heap base address is the
#     maximum limit for the native heap growth. Please use -XX:HeapBaseMinAddress
#     to set the Java Heap base and to place the Java Heap above 32GB virtual address.
# This output file may be truncated or incomplete.
#
#  Out of Memory Error (./open/src/hotspot/os/windows/os_windows.cpp:3472), pid=3152, tid=4560
#
# JRE version:  (15.0.1+9) (build )
# Java VM: OpenJDK 64-Bit Server VM (15.0.1+9-18, mixed mode, sharing, tiered, compressed oops, g1 gc, windows-amd64)
# No core dump will be written. Minidumps are not enabled by default on client versions of Windows
#

---------------  S U M M A R Y ------------

Command Line: -Dcom.sun.management.jmxremote -Dcom.sun.management.jmxremote.port=60252 -Dcom.sun.management.jmxremote.authenticate=false -Dcom.sun.management.jmxremote.ssl=false -Djava.rmi.server.hostname=localhost -Dspring.jmx.enabled=true -Dspring.application.admin.enabled=true -XX:TieredStopAtLevel=1 -Dspring.boot.project.name=workshopmongo -Dfile.encoding=UTF-8 -XX:+ShowCodeDetailsInExceptionMessages com.tnn.workshopmongo.WorkshopmongoApplication --spring.output.ansi.enabled=always

Host: Intel(R) Core(TM) i5-7300HQ CPU @ 2.50GHz, 4 cores, 11G,  Windows 10 , 64 bit Build 19041 (10.0.19041.662)
Time: Thu Jan 21 14:06:21 2021 Hora oficial do Brasil elapsed time: 0.024481 seconds (0d 0h 0m 0s)

---------------  T H R E A D  ---------------

Current thread (0x00000249b99c7d80):  JavaThread "Unknown thread" [_thread_in_vm, id=4560, stack(0x000000f265700000,0x000000f265800000)]

Stack: [0x000000f265700000,0x000000f265800000]
Native frames: (J=compiled Java code, j=interpreted, Vv=VM code, C=native code)
V  [jvm.dll+0x62ae9a]
V  [jvm.dll+0x781389]
V  [jvm.dll+0x782ae3]
V  [jvm.dll+0x783143]
V  [jvm.dll+0x216265]
V  [jvm.dll+0x6281d9]
V  [jvm.dll+0x61cd15]
V  [jvm.dll+0x2d01fd]
V  [jvm.dll+0x2d0062]
V  [jvm.dll+0x2d603c]
V  [jvm.dll+0x325b2a]
V  [jvm.dll+0x3251f4]
V  [jvm.dll+0x2a717a]
V  [jvm.dll+0x2a8318]
V  [jvm.dll+0x75e101]
V  [jvm.dll+0x3343e4]
V  [jvm.dll+0x73e826]
V  [jvm.dll+0x3b7777]
V  [jvm.dll+0x3b9201]
C  [jli.dll+0x52fb]
C  [ucrtbase.dll+0x214c2]
C  [KERNEL32.DLL+0x17034]
C  [ntdll.dll+0x4d0d1]


---------------  P R O C E S S  ---------------

Threads class SMR info:
_java_thread_list=0x00007fffeb274ff0, length=0, elements={
}

Java Threads: ( => current thread )

Other Threads:
  0x00000249b9a0c560 GCTaskThread "GC Thread#0" [stack: 0x000000f265800000,0x000000f265900000] [id=10032]
  0x00000249b9a19d70 ConcurrentGCThread "G1 Main Marker" [stack: 0x000000f265900000,0x000000f265a00000] [id=14432]
  0x00000249b9a1a8f0 ConcurrentGCThread "G1 Conc#0" [stack: 0x000000f265a00000,0x000000f265b00000] [id=17872]

[error occurred during error reporting (printing all threads), id 0xc0000005, EXCEPTION_ACCESS_VIOLATION (0xc0000005) at pc=0x00007fffeaa68047]

VM state: not at safepoint (not fully initialized)

VM Mutex/Monitor currently owned by a thread:  ([mutex/lock_event])
[0x00000249b99c3e50] Heap_lock - owner thread: 0x00000249b99c7d80

Heap address: 0x0000000741600000, size: 3050 MB, Compressed Oops mode: Zero based, Oop shift amount: 3
CDS archive(s) mapped at: [0x0000000000000000-0x0000000000000000-0x0000000000000000), size 0, SharedBaseAddress: 0x0000000800000000, ArchiveRelocationMode: 0.
Narrow klass base: 0x0000000000000000, Narrow klass shift: 0, Narrow klass range: 0x0

Heap:
 garbage-first heap   total 196608K, used 0K [0x0000000741600000, 0x0000000800000000)
  region size 2048K, 0 young (0K), 0 survivors (0K)
 Metaspace       used 0K, capacity 0K, committed 0K, reserved 0K
  class space    used 0K, capacity 0K, committed 0K, reserved 0K

Heap Regions: E=young(eden), S=young(survivor), O=old, HS=humongous(starts), HC=humongous(continues), CS=collection set, F=free, OA=open archive, CA=closed archive, TAMS=top-at-mark-start (previous, next)

Card table byte_map: [0x00000249cc9e0000,0x00000249ccfe0000] _byte_map_base: 0x00000249c8fd5000

Marking Bits (Prev, Next): (CMBitMap*) 0x00000249b9a0cce0, (CMBitMap*) 0x00000249b9a0cd20
 Prev Bits: [0x00000249cd5e0000, 0x00000249d0588000)
 Next Bits: [0x00000249d0590000, 0x00000249d3538000)

GC Heap History (0 events):
No events

Deoptimization events (0 events):
No events

Classes unloaded (0 events):
No events

Classes redefined (0 events):
No events

Internal exceptions (0 events):
No events

Events (1 events):
Event: 0.010 Loaded shared library D:\sts-4.9.0.RELEASE\plugins\org.eclipse.justj.openjdk.hotspot.jre.full.win32.x86_64_15.0.1.v20201027-0507\jre\bin\java.dll


Dynamic libraries:
0x00007ff721dc0000 - 0x00007ff721dcd000 	D:\sts-4.9.0.RELEASE\plugins\org.eclipse.justj.openjdk.hotspot.jre.full.win32.x86_64_15.0.1.v20201027-0507\jre\bin\javaw.exe
0x00007ff835790000 - 0x00007ff835986000 	C:\WINDOWS\SYSTEM32\ntdll.dll
0x00007ff8354b0000 - 0x00007ff83556d000 	C:\WINDOWS\System32\KERNEL32.DLL
0x00007ff833390000 - 0x00007ff833659000 	C:\WINDOWS\System32\KERNELBASE.dll
0x00007ff833290000 - 0x00007ff833390000 	C:\WINDOWS\System32\ucrtbase.dll
0x00007ff8211e0000 - 0x00007ff8211f9000 	D:\sts-4.9.0.RELEASE\plugins\org.eclipse.justj.openjdk.hotspot.jre.full.win32.x86_64_15.0.1.v20201027-0507\jre\bin\VCRUNTIME140.dll
0x00007ff82a110000 - 0x00007ff82a128000 	D:\sts-4.9.0.RELEASE\plugins\org.eclipse.justj.openjdk.hotspot.jre.full.win32.x86_64_15.0.1.v20201027-0507\jre\bin\jli.dll
0x00007ff834930000 - 0x00007ff834ad0000 	C:\WINDOWS\System32\USER32.dll
0x00007ff832ea0000 - 0x00007ff832ec2000 	C:\WINDOWS\System32\win32u.dll
0x00007ff821e40000 - 0x00007ff8220db000 	C:\WINDOWS\WinSxS\amd64_microsoft.windows.common-controls_6595b64144ccf1df_6.0.19041.746_none_ca02b4b61b8320a4\COMCTL32.dll
0x00007ff834270000 - 0x00007ff83429a000 	C:\WINDOWS\System32\GDI32.dll
0x00007ff833180000 - 0x00007ff83328b000 	C:\WINDOWS\System32\gdi32full.dll
0x00007ff835590000 - 0x00007ff83562e000 	C:\WINDOWS\System32\msvcrt.dll
0x00007ff832ed0000 - 0x00007ff832f6d000 	C:\WINDOWS\System32\msvcp_win.dll
0x00007ff835630000 - 0x00007ff835660000 	C:\WINDOWS\System32\IMM32.DLL
0x00007ff822190000 - 0x00007ff82219c000 	D:\sts-4.9.0.RELEASE\plugins\org.eclipse.justj.openjdk.hotspot.jre.full.win32.x86_64_15.0.1.v20201027-0507\jre\bin\vcruntime140_1.dll
0x00007ff8016d0000 - 0x00007ff801761000 	D:\sts-4.9.0.RELEASE\plugins\org.eclipse.justj.openjdk.hotspot.jre.full.win32.x86_64_15.0.1.v20201027-0507\jre\bin\msvcp140.dll
0x00007fffea7b0000 - 0x00007fffeb30e000 	D:\sts-4.9.0.RELEASE\plugins\org.eclipse.justj.openjdk.hotspot.jre.full.win32.x86_64_15.0.1.v20201027-0507\jre\bin\server\jvm.dll
0x00007ff8351f0000 - 0x00007ff83529c000 	C:\WINDOWS\System32\ADVAPI32.dll
0x00007ff834820000 - 0x00007ff8348bc000 	C:\WINDOWS\System32\sechost.dll
0x00007ff8352a0000 - 0x00007ff8353cb000 	C:\WINDOWS\System32\RPCRT4.dll
0x00007ff834300000 - 0x00007ff834308000 	C:\WINDOWS\System32\PSAPI.DLL
0x00007ff815fc0000 - 0x00007ff815fc9000 	C:\WINDOWS\SYSTEM32\WSOCK32.dll
0x00007ff8348c0000 - 0x00007ff83492b000 	C:\WINDOWS\System32\WS2_32.dll
0x00007ff822230000 - 0x00007ff822257000 	C:\WINDOWS\SYSTEM32\WINMM.dll
0x00007ff82af90000 - 0x00007ff82af9a000 	C:\WINDOWS\SYSTEM32\VERSION.dll
0x00007ff830e00000 - 0x00007ff830e12000 	C:\WINDOWS\SYSTEM32\kernel.appcore.dll
0x00007ff82ed40000 - 0x00007ff82ed4a000 	D:\sts-4.9.0.RELEASE\plugins\org.eclipse.justj.openjdk.hotspot.jre.full.win32.x86_64_15.0.1.v20201027-0507\jre\bin\jimage.dll
0x00007ff81d460000 - 0x00007ff81d644000 	C:\WINDOWS\SYSTEM32\DBGHELP.DLL
0x00007ff81d380000 - 0x00007ff81d3ac000 	C:\WINDOWS\SYSTEM32\dbgcore.DLL
0x00007ff832fa0000 - 0x00007ff833020000 	C:\WINDOWS\System32\bcryptPrimitives.dll
0x00007ff818940000 - 0x00007ff818965000 	D:\sts-4.9.0.RELEASE\plugins\org.eclipse.justj.openjdk.hotspot.jre.full.win32.x86_64_15.0.1.v20201027-0507\jre\bin\java.dll

dbghelp: loaded successfully - version: 4.0.5 - missing functions: none
symbol engine: initialized successfully - sym options: 0x614 - pdb path: .;D:\sts-4.9.0.RELEASE\plugins\org.eclipse.justj.openjdk.hotspot.jre.full.win32.x86_64_15.0.1.v20201027-0507\jre\bin;C:\WINDOWS\SYSTEM32;C:\WINDOWS\WinSxS\amd64_microsoft.windows.common-controls_6595b64144ccf1df_6.0.19041.746_none_ca02b4b61b8320a4;D:\sts-4.9.0.RELEASE\plugins\org.eclipse.justj.openjdk.hotspot.jre.full.win32.x86_64_15.0.1.v20201027-0507\jre\bin\server

VM Arguments:
jvm_args: -Dcom.sun.management.jmxremote -Dcom.sun.management.jmxremote.port=60252 -Dcom.sun.management.jmxremote.authenticate=false -Dcom.sun.management.jmxremote.ssl=false -Djava.rmi.server.hostname=localhost -Dspring.jmx.enabled=true -Dspring.application.admin.enabled=true -XX:TieredStopAtLevel=1 -Dspring.boot.project.name=workshopmongo -Dfile.encoding=UTF-8 -XX:+ShowCodeDetailsInExceptionMessages 
java_command: com.tnn.workshopmongo.WorkshopmongoApplication --spring.output.ansi.enabled=always
java_class_path (initial): D:\STS WS\workshopmongo\target\classes;C:\Users\Antonio Pires\.m2\repository\org\springframework\boot\spring-boot-starter-web\2.4.2\spring-boot-starter-web-2.4.2.jar;C:\Users\Antonio Pires\.m2\repository\org\springframework\boot\spring-boot-starter\2.4.2\spring-boot-starter-2.4.2.jar;C:\Users\Antonio Pires\.m2\repository\org\springframework\boot\spring-boot\2.4.2\spring-boot-2.4.2.jar;C:\Users\Antonio Pires\.m2\repository\org\springframework\boot\spring-boot-autoconfigure\2.4.2\spring-boot-autoconfigure-2.4.2.jar;C:\Users\Antonio Pires\.m2\repository\org\springframework\boot\spring-boot-starter-logging\2.4.2\spring-boot-starter-logging-2.4.2.jar;C:\Users\Antonio Pires\.m2\repository\ch\qos\logback\logback-classic\1.2.3\logback-classic-1.2.3.jar;C:\Users\Antonio Pires\.m2\repository\ch\qos\logback\logback-core\1.2.3\logback-core-1.2.3.jar;C:\Users\Antonio Pires\.m2\repository\org\apache\logging\log4j\log4j-to-slf4j\2.13.3\log4j-to-slf4j-2.13.3.jar;C:\Users\Antonio Pires\.m2\repository\org\apache\logging\log4j\log4j-api\2.13.3\log4j-api-2.13.3.jar;C:\Users\Antonio Pires\.m2\repository\org\slf4j\jul-to-slf4j\1.7.30\jul-to-slf4j-1.7.30.jar;C:\Users\Antonio Pires\.m2\repository\jakarta\annotation\jakarta.annotation-api\1.3.5\jakarta.annotation-api-1.3.5.jar;C:\Users\Antonio Pires\.m2\repository\org\yaml\snakeyaml\1.27\snakeyaml-1.27.jar;C:\Users\Antonio Pires\.m2\repository\org\springframework\boot\spring-boot-starter-json\2.4.2\spring-boot-starter-json-2.4.2.jar;C:\Users\Antonio Pires\.m2\repository\com\fasterxml\jackson\core\jackson-databind\2.11.4\jackson-databind-2.11.4.jar;C:\Users\Antonio Pires\.m2\repository\com\fasterxml\jackson\core\jackson-annotations\2.11.4\jackson-annotations-2.11.4.jar;C:\Users\Antonio Pires\.m2\repository\com\fasterxml\jackson\core\jackson-core\2.11.4\jackson-core-2.11.4.jar;C:\Users\Antonio Pires\.m2\repository\com\fasterxml\jackson\datatype\jackson-datatype-jdk8\2.11.4\jackson-datatype-jdk8-2.11.4.jar;C:\Users
Launcher Type: SUN_STANDARD

[Global flags]
     intx CICompilerCount                          = 3                                         {product} {ergonomic}
     uint ConcGCThreads                            = 1                                         {product} {ergonomic}
     uint G1ConcRefinementThreads                  = 4                                         {product} {ergonomic}
   size_t G1HeapRegionSize                         = 2097152                                   {product} {ergonomic}
    uintx GCDrainStackTargetSize                   = 64                                        {product} {ergonomic}
   size_t InitialHeapSize                          = 201326592                                 {product} {ergonomic}
     bool ManagementServer                         = true                                      {product} {command line}
   size_t MarkStackSize                            = 4194304                                   {product} {ergonomic}
   size_t MaxHeapSize                              = 3198156800                                {product} {ergonomic}
   size_t MinHeapDeltaBytes                        = 2097152                                   {product} {ergonomic}
   size_t MinHeapSize                              = 8388608                                   {product} {ergonomic}
    uintx NonNMethodCodeHeapSize                   = 6973028                                {pd product} {ergonomic}
    uintx NonProfiledCodeHeapSize                  = 244685212                              {pd product} {ergonomic}
    uintx ProfiledCodeHeapSize                     = 0                                      {pd product} {ergonomic}
    uintx ReservedCodeCacheSize                    = 251658240                              {pd product} {ergonomic}
     bool SegmentedCodeCache                       = true                                      {product} {ergonomic}
     bool ShowCodeDetailsInExceptionMessages       = true                                   {manageable} {command line}
   size_t SoftMaxHeapSize                          = 3198156800                             {manageable} {ergonomic}
     intx TieredStopAtLevel                        = 1                                         {product} {command line}
     bool UseCompressedClassPointers               = true                                 {lp64_product} {ergonomic}
     bool UseCompressedOops                        = true                                 {lp64_product} {ergonomic}
     bool UseG1GC                                  = true                                      {product} {ergonomic}
     bool UseLargePagesIndividualAllocation        = false                                  {pd product} {ergonomic}

Logging:
Log output configuration:
 #0: stdout all=warning uptime,level,tags
 #1: stderr all=off uptime,level,tags

Environment Variables:
JAVA_HOME=C:\Program Files\Java\jdk-11.0.8
PATH=D:/sts-4.9.0.RELEASE//plugins/org.eclipse.justj.openjdk.hotspot.jre.full.win32.x86_64_15.0.1.v20201027-0507/jre/bin/server;D:/sts-4.9.0.RELEASE//plugins/org.eclipse.justj.openjdk.hotspot.jre.full.win32.x86_64_15.0.1.v20201027-0507/jre/bin;C:\Program Files\Common Files\Oracle\Java\javapath;C:\Program Files (x86)\Intel\Intel(R) Management Engine Components\iCLS\;C:\Program Files\Intel\Intel(R) Management Engine Components\iCLS\;C:\WINDOWS\system32;C:\WINDOWS;C:\WINDOWS\System32\Wbem;C:\WINDOWS\System32\WindowsPowerShell\v1.0\;C:\Program Files (x86)\Intel\Intel(R) Management Engine Components\DAL;C:\Program Files\Intel\Intel(R) Management Engine Components\DAL;C:\Program Files (x86)\Intel\Intel(R) Management Engine Components\IPT;C:\Program Files\Intel\Intel(R) Management Engine Components\IPT;C:\Program Files (x86)\NVIDIA Corporation\PhysX\Common;C:\WINDOWS\system32;C:\WINDOWS;C:\WINDOWS\System32\Wbem;C:\WINDOWS\System32\WindowsPowerShell\v1.0\;C:\WINDOWS\System32\OpenSSH\;C:\Program Files\NVIDIA Corporation\NVIDIA NvDLISR;C:\Program Files\Git\cmd;C:\Program Files\Java\jdk-11.0.8\bin;C:\Program Files\MongoDB\Server\4.4\bin;C:\Program Files\MySQL\MySQL Shell 8.0\bin\;C:\Users\Antonio Pires\AppData\Local\Programs\Python\Python37\Scripts\;C:\Users\Antonio Pires\AppData\Local\Programs\Python\Python37\;C:\Users\Antonio Pires\AppData\Local\Microsoft\WindowsApps;C:\Program Files\Java\jdk-11.0.8\bin;d:\heroku\bin;D:\sts-4.9.0.RELEASE;
USERNAME=Antonio Pires
OS=Windows_NT
PROCESSOR_IDENTIFIER=Intel64 Family 6 Model 158 Stepping 9, GenuineIntel



---------------  S Y S T E M  ---------------

OS:
 Windows 10 , 64 bit Build 19041 (10.0.19041.662)
OS uptime: 4 days 21:33 hours

CPU: total 4 (initial active 4) (4 cores per cpu, 1 threads per core) family 6 model 158 stepping 9 microcode 0xb4, cmov, cx8, fxsr, mmx, sse, sse2, sse3, ssse3, sse4.1, sse4.2, popcnt, vzeroupper, avx, avx2, aes, clmul, erms, 3dnowpref, lzcnt, tsc, tscinvbit, bmi1, bmi2, adx, fma, clflush, clflushopt

Memory: 4k page, system-wide physical 12197M (2831M free)
TotalPageFile size 12197M (AvailPageFile size 188M)
current process WorkingSet (physical memory assigned to process): 10M, peak: 10M
current process commit charge ("private bytes"): 49M, peak: 241M

vm_info: OpenJDK 64-Bit Server VM (15.0.1+9-18) for windows-amd64 JRE (15.0.1+9-18), built on Sep 15 2020 14:39:31 by "mach5one" with unknown MS VC++:1925

END.
